<?xml version="1.0" encoding="UTF-8"?>
<!-- Generated by org.testng.reporters.JUnitXMLReporter -->
<testsuite hostname="INBANWL007227" name="Test" tests="6" failures="0" timestamp="13 Jun 2017 11:16:23 GMT" time="36.548" errors="0">
  <testcase name="Login" time="8.699" classname="POC.Poc_Demo"/>
  <testcase name="SerchRegions" time="9.041" classname="POC.Poc_Demo"/>
  <testcase name="Logout" time="1.567" classname="POC.Poc_Demo"/>
  <testcase name="Login" time="7.886" classname="POC.Poc_Test2"/>
  <testcase name="SerchRegions" time="5.257" classname="POC.Poc_Test2"/>
  <testcase name="Logout" time="3.548" classname="POC.Poc_Test2"/>
</testsuite> <!-- Test -->
