<?xml version="1.0" encoding="UTF-8"?>
<testng-results skipped="0" failed="0" total="3" passed="3">
  <reporter-output>
  </reporter-output>
  <suite name="Default suite" duration-ms="34467" started-at="2017-06-13T14:55:34Z" finished-at="2017-06-13T14:56:08Z">
    <groups>
    </groups>
    <test name="Default test" duration-ms="34467" started-at="2017-06-13T14:55:34Z" finished-at="2017-06-13T14:56:08Z">
      <class name="POC.Poc_Demo">
        <test-method status="PASS" signature="Setting()[pri:0, instance:POC.Poc_Demo@3d680b5a]" name="Setting" is-config="true" duration-ms="213" started-at="2017-06-13T20:25:34Z" finished-at="2017-06-13T20:25:34Z">
          <reporter-output>
          </reporter-output>
        </test-method> <!-- Setting -->
        <test-method status="PASS" signature="Login()[pri:1, instance:POC.Poc_Demo@3d680b5a]" name="Login" duration-ms="16962" started-at="2017-06-13T20:25:34Z" finished-at="2017-06-13T20:25:51Z">
          <reporter-output>
          </reporter-output>
        </test-method> <!-- Login -->
        <test-method status="PASS" signature="SerchRegions()[pri:2, instance:POC.Poc_Demo@3d680b5a]" name="SerchRegions" duration-ms="9275" started-at="2017-06-13T20:25:51Z" finished-at="2017-06-13T20:26:00Z">
          <reporter-output>
          </reporter-output>
        </test-method> <!-- SerchRegions -->
        <test-method status="PASS" signature="Logout()[pri:3, instance:POC.Poc_Demo@3d680b5a]" name="Logout" duration-ms="7565" started-at="2017-06-13T20:26:00Z" finished-at="2017-06-13T20:26:08Z">
          <reporter-output>
          </reporter-output>
        </test-method> <!-- Logout -->
        <test-method status="PASS" signature="End()[pri:0, instance:POC.Poc_Demo@3d680b5a]" name="End" is-config="true" duration-ms="422" started-at="2017-06-13T20:26:08Z" finished-at="2017-06-13T20:26:08Z">
          <reporter-output>
          </reporter-output>
        </test-method> <!-- End -->
      </class> <!-- POC.Poc_Demo -->
    </test> <!-- Default test -->
  </suite> <!-- Default suite -->
</testng-results>
